10 Mar 2025 15:32:21,085 INFO  ro.mpp2025.CarsDBRepository 20 <init> - Initializing CarsDBRepository with properties: {jdbc.url=jdbc:sqlite:/Users/vasil/cars.db} 
10 Mar 2025 15:32:21,094 TRACE ro.mpp2025.CarsDBRepository 38 add - Enter saving task Id=0 Tesla Model S 2019
10 Mar 2025 15:32:21,094 TRACE ro.mpp2025.JdbcUtils 48 getConnection - Enter
10 Mar 2025 15:32:21,094 TRACE ro.mpp2025.JdbcUtils 25 getNewConnection - Enter
10 Mar 2025 15:32:21,094 INFO  ro.mpp2025.JdbcUtils 30 getNewConnection - trying to connect to database ... jdbc:sqlite:/Users/vasil/cars.db
10 Mar 2025 15:32:21,094 INFO  ro.mpp2025.JdbcUtils 31 getNewConnection - user: null
10 Mar 2025 15:32:21,095 INFO  ro.mpp2025.JdbcUtils 32 getNewConnection - pass: null
10 Mar 2025 15:32:21,819 TRACE ro.mpp2025.JdbcUtils 57 getConnection - Exit with(org.sqlite.jdbc4.JDBC4Connection@82de64a)
10 Mar 2025 15:32:21,824 ERROR ro.mpp2025.CarsDBRepository 47 add - org.sqlite.SQLiteException: [SQLITE_ERROR] SQL error or missing database (no such table: Masini)
10 Mar 2025 15:32:21,824 TRACE ro.mpp2025.CarsDBRepository 50 add - Exit
10 Mar 2025 15:32:21,824 TRACE ro.mpp2025.CarsDBRepository 60 findAll - Enter
10 Mar 2025 15:32:21,824 TRACE ro.mpp2025.JdbcUtils 48 getConnection - Enter
10 Mar 2025 15:32:21,824 TRACE ro.mpp2025.JdbcUtils 57 getConnection - Exit with(org.sqlite.jdbc4.JDBC4Connection@82de64a)
10 Mar 2025 15:32:21,825 ERROR ro.mpp2025.CarsDBRepository 76 findAll - org.sqlite.SQLiteException: [SQLITE_ERROR] SQL error or missing database (no such table: Masini)
10 Mar 2025 15:32:21,825 TRACE ro.mpp2025.CarsDBRepository 79 findAll - Exit with([])
10 Mar 2025 15:32:33,823 INFO  ro.mpp2025.CarsDBRepository 20 <init> - Initializing CarsDBRepository with properties: {jdbc.url=jdbc:sqlite:/Users/vasil/cars.db} 
10 Mar 2025 15:32:33,831 TRACE ro.mpp2025.CarsDBRepository 38 add - Enter saving task Id=0 Tesla Model S 2019
10 Mar 2025 15:32:33,831 TRACE ro.mpp2025.JdbcUtils 48 getConnection - Enter
10 Mar 2025 15:32:33,831 TRACE ro.mpp2025.JdbcUtils 25 getNewConnection - Enter
10 Mar 2025 15:32:33,831 INFO  ro.mpp2025.JdbcUtils 30 getNewConnection - trying to connect to database ... jdbc:sqlite:/Users/vasil/cars.db
10 Mar 2025 15:32:33,832 INFO  ro.mpp2025.JdbcUtils 31 getNewConnection - user: null
10 Mar 2025 15:32:33,832 INFO  ro.mpp2025.JdbcUtils 32 getNewConnection - pass: null
10 Mar 2025 15:32:33,938 TRACE ro.mpp2025.JdbcUtils 57 getConnection - Exit with(org.sqlite.jdbc4.JDBC4Connection@659499f1)
10 Mar 2025 15:32:33,942 ERROR ro.mpp2025.CarsDBRepository 47 add - org.sqlite.SQLiteException: [SQLITE_ERROR] SQL error or missing database (no such table: Masini)
10 Mar 2025 15:32:33,942 TRACE ro.mpp2025.CarsDBRepository 50 add - Exit
10 Mar 2025 15:32:33,943 TRACE ro.mpp2025.CarsDBRepository 60 findAll - Enter
10 Mar 2025 15:32:33,943 TRACE ro.mpp2025.JdbcUtils 48 getConnection - Enter
10 Mar 2025 15:32:33,943 TRACE ro.mpp2025.JdbcUtils 57 getConnection - Exit with(org.sqlite.jdbc4.JDBC4Connection@659499f1)
10 Mar 2025 15:32:33,944 ERROR ro.mpp2025.CarsDBRepository 76 findAll - org.sqlite.SQLiteException: [SQLITE_ERROR] SQL error or missing database (no such table: Masini)
10 Mar 2025 15:32:33,944 TRACE ro.mpp2025.CarsDBRepository 79 findAll - Exit with([])
10 Mar 2025 15:32:38,535 INFO  ro.mpp2025.CarsDBRepository 20 <init> - Initializing CarsDBRepository with properties: {jdbc.url=jdbc:sqlite:/Users/vasil/cars.db} 
10 Mar 2025 15:32:38,542 TRACE ro.mpp2025.CarsDBRepository 38 add - Enter saving task Id=0 Tesla Model S 2019
10 Mar 2025 15:32:38,542 TRACE ro.mpp2025.JdbcUtils 48 getConnection - Enter
10 Mar 2025 15:32:38,543 TRACE ro.mpp2025.JdbcUtils 25 getNewConnection - Enter
10 Mar 2025 15:32:38,543 INFO  ro.mpp2025.JdbcUtils 30 getNewConnection - trying to connect to database ... jdbc:sqlite:/Users/vasil/cars.db
10 Mar 2025 15:32:38,543 INFO  ro.mpp2025.JdbcUtils 31 getNewConnection - user: null
10 Mar 2025 15:32:38,543 INFO  ro.mpp2025.JdbcUtils 32 getNewConnection - pass: null
10 Mar 2025 15:32:38,665 TRACE ro.mpp2025.JdbcUtils 57 getConnection - Exit with(org.sqlite.jdbc4.JDBC4Connection@659499f1)
10 Mar 2025 15:32:38,667 ERROR ro.mpp2025.CarsDBRepository 47 add - org.sqlite.SQLiteException: [SQLITE_ERROR] SQL error or missing database (no such table: Masini)
10 Mar 2025 15:32:38,668 TRACE ro.mpp2025.CarsDBRepository 50 add - Exit
10 Mar 2025 15:32:38,668 TRACE ro.mpp2025.CarsDBRepository 60 findAll - Enter
10 Mar 2025 15:32:38,668 TRACE ro.mpp2025.JdbcUtils 48 getConnection - Enter
10 Mar 2025 15:32:38,668 TRACE ro.mpp2025.JdbcUtils 57 getConnection - Exit with(org.sqlite.jdbc4.JDBC4Connection@659499f1)
10 Mar 2025 15:32:38,669 ERROR ro.mpp2025.CarsDBRepository 76 findAll - org.sqlite.SQLiteException: [SQLITE_ERROR] SQL error or missing database (no such table: Masini)
10 Mar 2025 15:32:38,669 TRACE ro.mpp2025.CarsDBRepository 79 findAll - Exit with([])
10 Mar 2025 15:35:57,098 INFO  ro.mpp2025.CarsDBRepository 20 <init> - Initializing CarsDBRepository with properties: {jdbc.url=jdbc:sqlite:/Users/vasil/cars.db} 
10 Mar 2025 15:35:57,106 TRACE ro.mpp2025.CarsDBRepository 38 add - Enter saving task Id=0 Tesla Model S 2019
10 Mar 2025 15:35:57,106 TRACE ro.mpp2025.JdbcUtils 48 getConnection - Enter
10 Mar 2025 15:35:57,106 TRACE ro.mpp2025.JdbcUtils 25 getNewConnection - Enter
10 Mar 2025 15:35:57,106 INFO  ro.mpp2025.JdbcUtils 30 getNewConnection - trying to connect to database ... jdbc:sqlite:/Users/vasil/cars.db
10 Mar 2025 15:35:57,106 INFO  ro.mpp2025.JdbcUtils 31 getNewConnection - user: null
10 Mar 2025 15:35:57,107 INFO  ro.mpp2025.JdbcUtils 32 getNewConnection - pass: null
10 Mar 2025 15:35:57,225 TRACE ro.mpp2025.JdbcUtils 57 getConnection - Exit with(org.sqlite.jdbc4.JDBC4Connection@659499f1)
10 Mar 2025 15:35:57,228 ERROR ro.mpp2025.CarsDBRepository 47 add - org.sqlite.SQLiteException: [SQLITE_ERROR] SQL error or missing database (no such table: Masini)
10 Mar 2025 15:35:57,228 TRACE ro.mpp2025.CarsDBRepository 50 add - Exit
10 Mar 2025 15:35:57,229 TRACE ro.mpp2025.CarsDBRepository 60 findAll - Enter
10 Mar 2025 15:35:57,229 TRACE ro.mpp2025.JdbcUtils 48 getConnection - Enter
10 Mar 2025 15:35:57,229 TRACE ro.mpp2025.JdbcUtils 57 getConnection - Exit with(org.sqlite.jdbc4.JDBC4Connection@659499f1)
10 Mar 2025 15:35:57,229 ERROR ro.mpp2025.CarsDBRepository 76 findAll - org.sqlite.SQLiteException: [SQLITE_ERROR] SQL error or missing database (no such table: Masini)
10 Mar 2025 15:35:57,230 TRACE ro.mpp2025.CarsDBRepository 79 findAll - Exit with([])
10 Mar 2025 15:37:48,909 INFO  ro.mpp2025.CarsDBRepository 20 <init> - Initializing CarsDBRepository with properties: {} 
10 Mar 2025 15:37:48,920 TRACE ro.mpp2025.CarsDBRepository 38 add - Enter saving task Id=0 Tesla Model S 2019
10 Mar 2025 15:37:48,921 TRACE ro.mpp2025.JdbcUtils 48 getConnection - Enter
10 Mar 2025 15:37:48,921 TRACE ro.mpp2025.JdbcUtils 25 getNewConnection - Enter
10 Mar 2025 15:37:48,921 INFO  ro.mpp2025.JdbcUtils 30 getNewConnection - trying to connect to database ... null
10 Mar 2025 15:37:48,921 INFO  ro.mpp2025.JdbcUtils 31 getNewConnection - user: null
10 Mar 2025 15:37:48,921 INFO  ro.mpp2025.JdbcUtils 32 getNewConnection - pass: null
10 Mar 2025 15:37:48,923 ERROR ro.mpp2025.JdbcUtils 41 getNewConnection - java.sql.SQLException: The url cannot be null
10 Mar 2025 15:37:48,923 TRACE ro.mpp2025.JdbcUtils 57 getConnection - Exit
10 Mar 2025 15:38:33,901 INFO  ro.mpp2025.CarsDBRepository 20 <init> - Initializing CarsDBRepository with properties: {jdbc.url=jdbc:sqlite:/Users/vasil/cars.db} 
10 Mar 2025 15:38:33,912 TRACE ro.mpp2025.CarsDBRepository 38 add - Enter saving task Id=0 Tesla Model S 2019
10 Mar 2025 15:38:33,913 TRACE ro.mpp2025.JdbcUtils 48 getConnection - Enter
10 Mar 2025 15:38:33,913 TRACE ro.mpp2025.JdbcUtils 25 getNewConnection - Enter
10 Mar 2025 15:38:33,913 INFO  ro.mpp2025.JdbcUtils 30 getNewConnection - trying to connect to database ... jdbc:sqlite:/Users/vasil/cars.db
10 Mar 2025 15:38:33,913 INFO  ro.mpp2025.JdbcUtils 31 getNewConnection - user: null
10 Mar 2025 15:38:33,913 INFO  ro.mpp2025.JdbcUtils 32 getNewConnection - pass: null
10 Mar 2025 15:38:34,021 TRACE ro.mpp2025.JdbcUtils 57 getConnection - Exit with(org.sqlite.jdbc4.JDBC4Connection@659499f1)
10 Mar 2025 15:38:34,024 ERROR ro.mpp2025.CarsDBRepository 47 add - org.sqlite.SQLiteException: [SQLITE_ERROR] SQL error or missing database (no such table: Masini)
10 Mar 2025 15:38:34,025 TRACE ro.mpp2025.CarsDBRepository 50 add - Exit
10 Mar 2025 15:38:34,025 TRACE ro.mpp2025.CarsDBRepository 60 findAll - Enter
10 Mar 2025 15:38:34,025 TRACE ro.mpp2025.JdbcUtils 48 getConnection - Enter
10 Mar 2025 15:38:34,025 TRACE ro.mpp2025.JdbcUtils 57 getConnection - Exit with(org.sqlite.jdbc4.JDBC4Connection@659499f1)
10 Mar 2025 15:38:34,025 ERROR ro.mpp2025.CarsDBRepository 76 findAll - org.sqlite.SQLiteException: [SQLITE_ERROR] SQL error or missing database (no such table: Masini)
10 Mar 2025 15:38:34,026 TRACE ro.mpp2025.CarsDBRepository 79 findAll - Exit with([])
10 Mar 2025 15:39:20,949 INFO  ro.mpp2025.CarsDBRepository 20 <init> - Initializing CarsDBRepository with properties: {jdbc.url=jdbc:sqlite:/Users/vasil/cars.db} 
10 Mar 2025 15:39:20,956 TRACE ro.mpp2025.CarsDBRepository 38 add - Enter saving task Id=0 Tesla Model S 2019
10 Mar 2025 15:39:20,957 TRACE ro.mpp2025.JdbcUtils 48 getConnection - Enter
10 Mar 2025 15:39:20,957 TRACE ro.mpp2025.JdbcUtils 25 getNewConnection - Enter
10 Mar 2025 15:39:20,957 INFO  ro.mpp2025.JdbcUtils 30 getNewConnection - trying to connect to database ... jdbc:sqlite:/Users/vasil/cars.db
10 Mar 2025 15:39:20,957 INFO  ro.mpp2025.JdbcUtils 31 getNewConnection - user: null
10 Mar 2025 15:39:20,957 INFO  ro.mpp2025.JdbcUtils 32 getNewConnection - pass: null
10 Mar 2025 15:39:21,068 TRACE ro.mpp2025.JdbcUtils 57 getConnection - Exit with(org.sqlite.jdbc4.JDBC4Connection@659499f1)
10 Mar 2025 15:39:21,071 ERROR ro.mpp2025.CarsDBRepository 47 add - org.sqlite.SQLiteException: [SQLITE_ERROR] SQL error or missing database (no such table: Masini)
10 Mar 2025 15:39:21,071 TRACE ro.mpp2025.CarsDBRepository 50 add - Exit
10 Mar 2025 15:39:21,071 TRACE ro.mpp2025.CarsDBRepository 60 findAll - Enter
10 Mar 2025 15:39:21,072 TRACE ro.mpp2025.JdbcUtils 48 getConnection - Enter
10 Mar 2025 15:39:21,072 TRACE ro.mpp2025.JdbcUtils 57 getConnection - Exit with(org.sqlite.jdbc4.JDBC4Connection@659499f1)
10 Mar 2025 15:39:21,072 ERROR ro.mpp2025.CarsDBRepository 76 findAll - org.sqlite.SQLiteException: [SQLITE_ERROR] SQL error or missing database (no such table: Masini)
10 Mar 2025 15:39:21,072 TRACE ro.mpp2025.CarsDBRepository 79 findAll - Exit with([])
10 Mar 2025 15:40:24,484 INFO  ro.mpp2025.CarsDBRepository 20 <init> - Initializing CarsDBRepository with properties: {jdbc.url=jdbc:sqlite:/Users/vasil/cars.db} 
10 Mar 2025 15:40:24,495 TRACE ro.mpp2025.CarsDBRepository 38 add - Enter saving task Id=0 Tesla Model S 2019
10 Mar 2025 15:40:24,495 TRACE ro.mpp2025.JdbcUtils 48 getConnection - Enter
10 Mar 2025 15:40:24,495 TRACE ro.mpp2025.JdbcUtils 25 getNewConnection - Enter
10 Mar 2025 15:40:24,495 INFO  ro.mpp2025.JdbcUtils 30 getNewConnection - trying to connect to database ... jdbc:sqlite:/Users/vasil/cars.db
10 Mar 2025 15:40:24,496 INFO  ro.mpp2025.JdbcUtils 31 getNewConnection - user: null
10 Mar 2025 15:40:24,496 INFO  ro.mpp2025.JdbcUtils 32 getNewConnection - pass: null
10 Mar 2025 15:40:24,612 TRACE ro.mpp2025.JdbcUtils 57 getConnection - Exit with(org.sqlite.jdbc4.JDBC4Connection@49049a04)
10 Mar 2025 15:40:24,617 ERROR ro.mpp2025.CarsDBRepository 47 add - org.sqlite.SQLiteException: [SQLITE_ERROR] SQL error or missing database (no such table: Masini)
10 Mar 2025 15:40:24,618 TRACE ro.mpp2025.CarsDBRepository 50 add - Exit
10 Mar 2025 15:40:24,618 TRACE ro.mpp2025.CarsDBRepository 60 findAll - Enter
10 Mar 2025 15:40:24,618 TRACE ro.mpp2025.JdbcUtils 48 getConnection - Enter
10 Mar 2025 15:40:24,618 TRACE ro.mpp2025.JdbcUtils 57 getConnection - Exit with(org.sqlite.jdbc4.JDBC4Connection@49049a04)
10 Mar 2025 15:40:24,618 ERROR ro.mpp2025.CarsDBRepository 76 findAll - org.sqlite.SQLiteException: [SQLITE_ERROR] SQL error or missing database (no such table: Masini)
10 Mar 2025 15:40:24,619 TRACE ro.mpp2025.CarsDBRepository 79 findAll - Exit with([])
10 Mar 2025 15:42:04,590 INFO  ro.mpp2025.CarsDBRepository 20 <init> - Initializing CarsDBRepository with properties: {jdbc.url=jdbc:sqlite:/Users/vasil/cars.db} 
10 Mar 2025 15:42:04,602 TRACE ro.mpp2025.CarsDBRepository 38 add - Enter saving task Id=0 Tesla Model S 2019
10 Mar 2025 15:42:04,602 TRACE ro.mpp2025.JdbcUtils 48 getConnection - Enter
10 Mar 2025 15:42:04,602 TRACE ro.mpp2025.JdbcUtils 25 getNewConnection - Enter
10 Mar 2025 15:42:04,602 INFO  ro.mpp2025.JdbcUtils 30 getNewConnection - trying to connect to database ... jdbc:sqlite:/Users/vasil/cars.db
10 Mar 2025 15:42:04,603 INFO  ro.mpp2025.JdbcUtils 31 getNewConnection - user: null
10 Mar 2025 15:42:04,603 INFO  ro.mpp2025.JdbcUtils 32 getNewConnection - pass: null
10 Mar 2025 15:42:04,714 TRACE ro.mpp2025.JdbcUtils 57 getConnection - Exit with(org.sqlite.jdbc4.JDBC4Connection@1df8b5b8)
10 Mar 2025 15:42:04,717 ERROR ro.mpp2025.CarsDBRepository 47 add - org.sqlite.SQLiteException: [SQLITE_ERROR] SQL error or missing database (no such table: Masini)
10 Mar 2025 15:42:04,717 TRACE ro.mpp2025.CarsDBRepository 50 add - Exit
10 Mar 2025 15:42:04,717 TRACE ro.mpp2025.CarsDBRepository 60 findAll - Enter
10 Mar 2025 15:42:04,717 TRACE ro.mpp2025.JdbcUtils 48 getConnection - Enter
10 Mar 2025 15:42:04,718 TRACE ro.mpp2025.JdbcUtils 57 getConnection - Exit with(org.sqlite.jdbc4.JDBC4Connection@1df8b5b8)
10 Mar 2025 15:42:04,718 ERROR ro.mpp2025.CarsDBRepository 76 findAll - org.sqlite.SQLiteException: [SQLITE_ERROR] SQL error or missing database (no such table: Masini)
10 Mar 2025 15:42:04,718 TRACE ro.mpp2025.CarsDBRepository 79 findAll - Exit with([])
10 Mar 2025 16:10:47,042 INFO  ro.mpp2025.CarsDBRepository 20 <init> - Initializing CarsDBRepository with properties: {jdbc.url=jdbc:sqlite:/Users/vasil/cars.db} 
10 Mar 2025 16:10:47,057 TRACE ro.mpp2025.CarsDBRepository 58 add - Enter saving task Id=0 Tesla Model S 2019
10 Mar 2025 16:10:47,057 TRACE ro.mpp2025.JdbcUtils 48 getConnection - Enter
10 Mar 2025 16:10:47,057 TRACE ro.mpp2025.JdbcUtils 25 getNewConnection - Enter
10 Mar 2025 16:10:47,057 INFO  ro.mpp2025.JdbcUtils 30 getNewConnection - trying to connect to database ... jdbc:sqlite:/Users/vasil/cars.db
10 Mar 2025 16:10:47,057 INFO  ro.mpp2025.JdbcUtils 31 getNewConnection - user: null
10 Mar 2025 16:10:47,057 INFO  ro.mpp2025.JdbcUtils 32 getNewConnection - pass: null
10 Mar 2025 16:10:47,248 TRACE ro.mpp2025.JdbcUtils 57 getConnection - Exit with(org.sqlite.jdbc4.JDBC4Connection@1df8b5b8)
10 Mar 2025 16:10:47,271 TRACE ro.mpp2025.CarsDBRepository 65 add - Saved 1 instances
10 Mar 2025 16:10:47,271 TRACE ro.mpp2025.CarsDBRepository 70 add - Exit
10 Mar 2025 16:10:47,271 TRACE ro.mpp2025.CarsDBRepository 80 findAll - Enter
10 Mar 2025 16:10:47,271 TRACE ro.mpp2025.JdbcUtils 48 getConnection - Enter
10 Mar 2025 16:10:47,271 TRACE ro.mpp2025.JdbcUtils 57 getConnection - Exit with(org.sqlite.jdbc4.JDBC4Connection@1df8b5b8)
10 Mar 2025 16:10:47,280 TRACE ro.mpp2025.CarsDBRepository 99 findAll - Exit with([Id=1 Dacia Sandero 2020, Id=2 Skoda Octavia 2019, Id=3 Tesla Model S 2019, Id=4 Tesla Model S 2019, Id=5 Tesla Model S 2019])
10 Mar 2025 16:10:47,280 TRACE ro.mpp2025.CarsDBRepository 26 findByManufacturer - Enter
10 Mar 2025 16:10:47,280 TRACE ro.mpp2025.JdbcUtils 48 getConnection - Enter
10 Mar 2025 16:10:47,280 TRACE ro.mpp2025.JdbcUtils 57 getConnection - Exit with(org.sqlite.jdbc4.JDBC4Connection@1df8b5b8)
10 Mar 2025 16:10:47,280 TRACE ro.mpp2025.CarsDBRepository 46 findByManufacturer - Exit with([Id=3 Tesla Model S 2019, Id=4 Tesla Model S 2019, Id=5 Tesla Model S 2019])
10 Mar 2025 16:15:05,403 INFO  ro.mpp2025.CarsDBRepository 20 <init> - Initializing CarsDBRepository with properties: {jdbc.url=jdbc:sqlite:/Users/vasil/cars.db} 
10 Mar 2025 16:15:05,419 TRACE ro.mpp2025.CarsDBRepository 79 add - Enter saving task Id=0 Tesla Model S 2019
10 Mar 2025 16:15:05,419 TRACE ro.mpp2025.JdbcUtils 48 getConnection - Enter
10 Mar 2025 16:15:05,419 TRACE ro.mpp2025.JdbcUtils 25 getNewConnection - Enter
10 Mar 2025 16:15:05,419 INFO  ro.mpp2025.JdbcUtils 30 getNewConnection - trying to connect to database ... jdbc:sqlite:/Users/vasil/cars.db
10 Mar 2025 16:15:05,419 INFO  ro.mpp2025.JdbcUtils 31 getNewConnection - user: null
10 Mar 2025 16:15:05,419 INFO  ro.mpp2025.JdbcUtils 32 getNewConnection - pass: null
10 Mar 2025 16:15:05,650 TRACE ro.mpp2025.JdbcUtils 57 getConnection - Exit with(org.sqlite.jdbc4.JDBC4Connection@1df8b5b8)
10 Mar 2025 16:15:05,674 TRACE ro.mpp2025.CarsDBRepository 86 add - Saved 1 instances
10 Mar 2025 16:15:05,674 TRACE ro.mpp2025.CarsDBRepository 91 add - Exit
10 Mar 2025 16:15:05,674 TRACE ro.mpp2025.CarsDBRepository 112 findAll - Enter
10 Mar 2025 16:15:05,674 TRACE ro.mpp2025.JdbcUtils 48 getConnection - Enter
10 Mar 2025 16:15:05,674 TRACE ro.mpp2025.JdbcUtils 57 getConnection - Exit with(org.sqlite.jdbc4.JDBC4Connection@1df8b5b8)
10 Mar 2025 16:15:05,674 TRACE ro.mpp2025.CarsDBRepository 131 findAll - Exit with([Id=1 Dacia Sandero 2020, Id=2 Skoda Octavia 2019, Id=3 Tesla Model S 2019, Id=4 Tesla Model S 2019, Id=5 Tesla Model S 2019, Id=6 Tesla Model S 2019])
10 Mar 2025 16:15:05,674 TRACE ro.mpp2025.CarsDBRepository 26 findByManufacturer - Enter
10 Mar 2025 16:15:05,674 TRACE ro.mpp2025.JdbcUtils 48 getConnection - Enter
10 Mar 2025 16:15:05,674 TRACE ro.mpp2025.JdbcUtils 57 getConnection - Exit with(org.sqlite.jdbc4.JDBC4Connection@1df8b5b8)
10 Mar 2025 16:15:05,674 TRACE ro.mpp2025.CarsDBRepository 46 findByManufacturer - Exit with([Id=3 Tesla Model S 2019, Id=4 Tesla Model S 2019, Id=5 Tesla Model S 2019, Id=6 Tesla Model S 2019])
10 Mar 2025 16:20:41,025 INFO  ro.mpp2025.CarsDBRepository 20 <init> - Initializing CarsDBRepository with properties: {jdbc.url=jdbc:sqlite:/Users/vasil/cars.db} 
10 Mar 2025 16:20:41,073 TRACE ro.mpp2025.CarsDBRepository 79 add - Enter saving task Id=0 Tesla Model S 2019
10 Mar 2025 16:20:41,073 TRACE ro.mpp2025.JdbcUtils 48 getConnection - Enter
10 Mar 2025 16:20:41,073 TRACE ro.mpp2025.JdbcUtils 25 getNewConnection - Enter
10 Mar 2025 16:20:41,073 INFO  ro.mpp2025.JdbcUtils 30 getNewConnection - trying to connect to database ... jdbc:sqlite:/Users/vasil/cars.db
10 Mar 2025 16:20:41,073 INFO  ro.mpp2025.JdbcUtils 31 getNewConnection - user: null
10 Mar 2025 16:20:41,073 INFO  ro.mpp2025.JdbcUtils 32 getNewConnection - pass: null
10 Mar 2025 16:20:41,328 TRACE ro.mpp2025.JdbcUtils 57 getConnection - Exit with(org.sqlite.jdbc4.JDBC4Connection@1df8b5b8)
10 Mar 2025 16:20:41,328 TRACE ro.mpp2025.CarsDBRepository 86 add - Saved 1 instances
10 Mar 2025 16:20:41,341 TRACE ro.mpp2025.CarsDBRepository 91 add - Exit
10 Mar 2025 16:20:41,341 TRACE ro.mpp2025.CarsDBRepository 112 findAll - Enter
10 Mar 2025 16:20:41,341 TRACE ro.mpp2025.JdbcUtils 48 getConnection - Enter
10 Mar 2025 16:20:41,341 TRACE ro.mpp2025.JdbcUtils 57 getConnection - Exit with(org.sqlite.jdbc4.JDBC4Connection@1df8b5b8)
10 Mar 2025 16:20:41,344 TRACE ro.mpp2025.CarsDBRepository 131 findAll - Exit with([Id=1 Dacia Sandero 2020, Id=2 Skoda Octavia 2019, Id=3 Tesla Model S 2019, Id=4 Tesla Model S 2019, Id=5 Tesla Model S 2019, Id=6 Tesla Model S 2019, Id=7 Tesla Model S 2019])
10 Mar 2025 16:20:41,344 TRACE ro.mpp2025.CarsDBRepository 26 findByManufacturer - Enter
10 Mar 2025 16:20:41,344 TRACE ro.mpp2025.JdbcUtils 48 getConnection - Enter
10 Mar 2025 16:20:41,344 TRACE ro.mpp2025.JdbcUtils 57 getConnection - Exit with(org.sqlite.jdbc4.JDBC4Connection@1df8b5b8)
10 Mar 2025 16:20:41,344 TRACE ro.mpp2025.CarsDBRepository 46 findByManufacturer - Exit with([Id=3 Tesla Model S 2019, Id=4 Tesla Model S 2019, Id=5 Tesla Model S 2019, Id=6 Tesla Model S 2019, Id=7 Tesla Model S 2019])
10 Mar 2025 16:25:43,042 INFO  ro.mpp2025.CarsDBRepository 20 <init> - Initializing CarsDBRepository with properties: {jdbc.url=jdbc:sqlite:cars.db} 
10 Mar 2025 16:25:43,075 TRACE ro.mpp2025.CarsDBRepository 79 add - Enter saving task Id=0 Tesla Model S 2019
10 Mar 2025 16:25:43,075 TRACE ro.mpp2025.JdbcUtils 48 getConnection - Enter
10 Mar 2025 16:25:43,075 TRACE ro.mpp2025.JdbcUtils 25 getNewConnection - Enter
10 Mar 2025 16:25:43,075 INFO  ro.mpp2025.JdbcUtils 30 getNewConnection - trying to connect to database ... jdbc:sqlite:cars.db
10 Mar 2025 16:25:43,075 INFO  ro.mpp2025.JdbcUtils 31 getNewConnection - user: null
10 Mar 2025 16:25:43,075 INFO  ro.mpp2025.JdbcUtils 32 getNewConnection - pass: null
10 Mar 2025 16:25:43,264 TRACE ro.mpp2025.JdbcUtils 57 getConnection - Exit with(org.sqlite.jdbc4.JDBC4Connection@1df8b5b8)
10 Mar 2025 16:25:43,268 ERROR ro.mpp2025.CarsDBRepository 88 add - org.sqlite.SQLiteException: [SQLITE_ERROR] SQL error or missing database (no such table: cars)
10 Mar 2025 16:25:43,268 TRACE ro.mpp2025.CarsDBRepository 91 add - Exit
10 Mar 2025 16:25:43,268 TRACE ro.mpp2025.CarsDBRepository 112 findAll - Enter
10 Mar 2025 16:25:43,268 TRACE ro.mpp2025.JdbcUtils 48 getConnection - Enter
10 Mar 2025 16:25:43,268 TRACE ro.mpp2025.JdbcUtils 57 getConnection - Exit with(org.sqlite.jdbc4.JDBC4Connection@1df8b5b8)
10 Mar 2025 16:25:43,268 ERROR ro.mpp2025.CarsDBRepository 128 findAll - org.sqlite.SQLiteException: [SQLITE_ERROR] SQL error or missing database (no such table: cars)
10 Mar 2025 16:25:43,268 TRACE ro.mpp2025.CarsDBRepository 131 findAll - Exit with([])
10 Mar 2025 16:25:43,268 TRACE ro.mpp2025.CarsDBRepository 26 findByManufacturer - Enter
10 Mar 2025 16:25:43,268 TRACE ro.mpp2025.JdbcUtils 48 getConnection - Enter
10 Mar 2025 16:25:43,268 TRACE ro.mpp2025.JdbcUtils 57 getConnection - Exit with(org.sqlite.jdbc4.JDBC4Connection@1df8b5b8)
10 Mar 2025 16:25:43,268 ERROR ro.mpp2025.CarsDBRepository 43 findByManufacturer - org.sqlite.SQLiteException: [SQLITE_ERROR] SQL error or missing database (no such table: cars)
10 Mar 2025 16:25:43,268 TRACE ro.mpp2025.CarsDBRepository 46 findByManufacturer - Exit with([])
10 Mar 2025 16:25:55,552 INFO  ro.mpp2025.CarsDBRepository 20 <init> - Initializing CarsDBRepository with properties: {jdbc.url=jdbc:sqlite:./cars.db} 
10 Mar 2025 16:25:55,581 TRACE ro.mpp2025.CarsDBRepository 79 add - Enter saving task Id=0 Tesla Model S 2019
10 Mar 2025 16:25:55,581 TRACE ro.mpp2025.JdbcUtils 48 getConnection - Enter
10 Mar 2025 16:25:55,581 TRACE ro.mpp2025.JdbcUtils 25 getNewConnection - Enter
10 Mar 2025 16:25:55,581 INFO  ro.mpp2025.JdbcUtils 30 getNewConnection - trying to connect to database ... jdbc:sqlite:./cars.db
10 Mar 2025 16:25:55,581 INFO  ro.mpp2025.JdbcUtils 31 getNewConnection - user: null
10 Mar 2025 16:25:55,589 INFO  ro.mpp2025.JdbcUtils 32 getNewConnection - pass: null
10 Mar 2025 16:25:55,779 TRACE ro.mpp2025.JdbcUtils 57 getConnection - Exit with(org.sqlite.jdbc4.JDBC4Connection@1df8b5b8)
10 Mar 2025 16:25:55,791 ERROR ro.mpp2025.CarsDBRepository 88 add - org.sqlite.SQLiteException: [SQLITE_ERROR] SQL error or missing database (no such table: cars)
10 Mar 2025 16:25:55,791 TRACE ro.mpp2025.CarsDBRepository 91 add - Exit
10 Mar 2025 16:25:55,791 TRACE ro.mpp2025.CarsDBRepository 112 findAll - Enter
10 Mar 2025 16:25:55,791 TRACE ro.mpp2025.JdbcUtils 48 getConnection - Enter
10 Mar 2025 16:25:55,791 TRACE ro.mpp2025.JdbcUtils 57 getConnection - Exit with(org.sqlite.jdbc4.JDBC4Connection@1df8b5b8)
10 Mar 2025 16:25:55,791 ERROR ro.mpp2025.CarsDBRepository 128 findAll - org.sqlite.SQLiteException: [SQLITE_ERROR] SQL error or missing database (no such table: cars)
10 Mar 2025 16:25:55,791 TRACE ro.mpp2025.CarsDBRepository 131 findAll - Exit with([])
10 Mar 2025 16:25:55,791 TRACE ro.mpp2025.CarsDBRepository 26 findByManufacturer - Enter
10 Mar 2025 16:25:55,795 TRACE ro.mpp2025.JdbcUtils 48 getConnection - Enter
10 Mar 2025 16:25:55,795 TRACE ro.mpp2025.JdbcUtils 57 getConnection - Exit with(org.sqlite.jdbc4.JDBC4Connection@1df8b5b8)
10 Mar 2025 16:25:55,795 ERROR ro.mpp2025.CarsDBRepository 43 findByManufacturer - org.sqlite.SQLiteException: [SQLITE_ERROR] SQL error or missing database (no such table: cars)
10 Mar 2025 16:25:55,796 TRACE ro.mpp2025.CarsDBRepository 46 findByManufacturer - Exit with([])
10 Mar 2025 16:26:08,212 INFO  ro.mpp2025.CarsDBRepository 20 <init> - Initializing CarsDBRepository with properties: {jdbc.url=jdbc:sqlite:/Users/vasil/cars.db} 
10 Mar 2025 16:26:08,227 TRACE ro.mpp2025.CarsDBRepository 79 add - Enter saving task Id=0 Tesla Model S 2019
10 Mar 2025 16:26:08,227 TRACE ro.mpp2025.JdbcUtils 48 getConnection - Enter
10 Mar 2025 16:26:08,227 TRACE ro.mpp2025.JdbcUtils 25 getNewConnection - Enter
10 Mar 2025 16:26:08,227 INFO  ro.mpp2025.JdbcUtils 30 getNewConnection - trying to connect to database ... jdbc:sqlite:/Users/vasil/cars.db
10 Mar 2025 16:26:08,227 INFO  ro.mpp2025.JdbcUtils 31 getNewConnection - user: null
10 Mar 2025 16:26:08,227 INFO  ro.mpp2025.JdbcUtils 32 getNewConnection - pass: null
10 Mar 2025 16:26:08,458 TRACE ro.mpp2025.JdbcUtils 57 getConnection - Exit with(org.sqlite.jdbc4.JDBC4Connection@1df8b5b8)
10 Mar 2025 16:26:08,469 TRACE ro.mpp2025.CarsDBRepository 86 add - Saved 1 instances
10 Mar 2025 16:26:08,469 TRACE ro.mpp2025.CarsDBRepository 91 add - Exit
10 Mar 2025 16:26:08,469 TRACE ro.mpp2025.CarsDBRepository 112 findAll - Enter
10 Mar 2025 16:26:08,469 TRACE ro.mpp2025.JdbcUtils 48 getConnection - Enter
10 Mar 2025 16:26:08,469 TRACE ro.mpp2025.JdbcUtils 57 getConnection - Exit with(org.sqlite.jdbc4.JDBC4Connection@1df8b5b8)
10 Mar 2025 16:26:08,469 TRACE ro.mpp2025.CarsDBRepository 131 findAll - Exit with([Id=1 Dacia Sandero 2020, Id=2 Skoda Octavia 2019, Id=3 Tesla Model S 2019, Id=4 Tesla Model S 2019, Id=5 Tesla Model S 2019, Id=6 Tesla Model S 2019, Id=7 Tesla Model S 2019, Id=8 Tesla Model S 2019])
10 Mar 2025 16:26:08,469 TRACE ro.mpp2025.CarsDBRepository 26 findByManufacturer - Enter
10 Mar 2025 16:26:08,469 TRACE ro.mpp2025.JdbcUtils 48 getConnection - Enter
10 Mar 2025 16:26:08,469 TRACE ro.mpp2025.JdbcUtils 57 getConnection - Exit with(org.sqlite.jdbc4.JDBC4Connection@1df8b5b8)
10 Mar 2025 16:26:08,469 TRACE ro.mpp2025.CarsDBRepository 46 findByManufacturer - Exit with([Id=3 Tesla Model S 2019, Id=4 Tesla Model S 2019, Id=5 Tesla Model S 2019, Id=6 Tesla Model S 2019, Id=7 Tesla Model S 2019, Id=8 Tesla Model S 2019])
10 Mar 2025 16:44:52,393 INFO  ro.mpp2025.CarsDBRepository 20 <init> - Initializing CarsDBRepository with properties: {jdbc.url=jdbc:sqlite:dbs/cars.db } 
10 Mar 2025 16:44:52,440 TRACE ro.mpp2025.CarsDBRepository 79 add - Enter saving task Id=0 Tesla Model S 2019
10 Mar 2025 16:44:52,440 TRACE ro.mpp2025.JdbcUtils 48 getConnection - Enter
10 Mar 2025 16:44:52,440 TRACE ro.mpp2025.JdbcUtils 25 getNewConnection - Enter
10 Mar 2025 16:44:52,440 INFO  ro.mpp2025.JdbcUtils 30 getNewConnection - trying to connect to database ... jdbc:sqlite:dbs/cars.db 
10 Mar 2025 16:44:52,440 INFO  ro.mpp2025.JdbcUtils 31 getNewConnection - user: null
10 Mar 2025 16:44:52,440 INFO  ro.mpp2025.JdbcUtils 32 getNewConnection - pass: null
10 Mar 2025 16:44:52,677 TRACE ro.mpp2025.JdbcUtils 57 getConnection - Exit with(org.sqlite.jdbc4.JDBC4Connection@1df8b5b8)
10 Mar 2025 16:44:52,693 TRACE ro.mpp2025.CarsDBRepository 86 add - Saved 1 instances
10 Mar 2025 16:44:52,693 TRACE ro.mpp2025.CarsDBRepository 91 add - Exit
10 Mar 2025 16:44:52,693 TRACE ro.mpp2025.CarsDBRepository 112 findAll - Enter
10 Mar 2025 16:44:52,693 TRACE ro.mpp2025.JdbcUtils 48 getConnection - Enter
10 Mar 2025 16:44:52,693 TRACE ro.mpp2025.JdbcUtils 57 getConnection - Exit with(org.sqlite.jdbc4.JDBC4Connection@1df8b5b8)
10 Mar 2025 16:44:52,704 TRACE ro.mpp2025.CarsDBRepository 131 findAll - Exit with([Id=1 Dacia Sandero 2020, Id=2 Skoda Octavia 2019, Id=3 Tesla Model S 2019, Id=4 Tesla Model S 2019, Id=5 Tesla Model S 2019, Id=6 Tesla Model S 2019, Id=7 Tesla Model S 2019, Id=8 Tesla Model S 2019, Id=9 Tesla Model S 2019])
10 Mar 2025 16:44:52,706 TRACE ro.mpp2025.CarsDBRepository 26 findByManufacturer - Enter
10 Mar 2025 16:44:52,706 TRACE ro.mpp2025.JdbcUtils 48 getConnection - Enter
10 Mar 2025 16:44:52,706 TRACE ro.mpp2025.JdbcUtils 57 getConnection - Exit with(org.sqlite.jdbc4.JDBC4Connection@1df8b5b8)
10 Mar 2025 16:44:52,708 TRACE ro.mpp2025.CarsDBRepository 46 findByManufacturer - Exit with([Id=3 Tesla Model S 2019, Id=4 Tesla Model S 2019, Id=5 Tesla Model S 2019, Id=6 Tesla Model S 2019, Id=7 Tesla Model S 2019, Id=8 Tesla Model S 2019, Id=9 Tesla Model S 2019])
10 Mar 2025 16:52:42,079 INFO  ro.mpp2025.CarsDBRepository 20 <init> - Initializing CarsDBRepository with properties: {jdbc.url=jdbc:sqlite:dbs/cars.db} 
10 Mar 2025 16:52:42,158 TRACE ro.mpp2025.CarsDBRepository 79 add - Enter saving task Id=0 Tesla Model S 2019
10 Mar 2025 16:52:42,158 TRACE ro.mpp2025.JdbcUtils 48 getConnection - Enter
10 Mar 2025 16:52:42,158 TRACE ro.mpp2025.JdbcUtils 25 getNewConnection - Enter
10 Mar 2025 16:52:42,158 INFO  ro.mpp2025.JdbcUtils 30 getNewConnection - trying to connect to database ... jdbc:sqlite:dbs/cars.db
10 Mar 2025 16:52:42,158 INFO  ro.mpp2025.JdbcUtils 31 getNewConnection - user: null
10 Mar 2025 16:52:42,158 INFO  ro.mpp2025.JdbcUtils 32 getNewConnection - pass: null
10 Mar 2025 16:52:42,478 TRACE ro.mpp2025.JdbcUtils 57 getConnection - Exit with(org.sqlite.jdbc4.JDBC4Connection@1df8b5b8)
10 Mar 2025 16:52:42,494 TRACE ro.mpp2025.CarsDBRepository 86 add - Saved 1 instances
10 Mar 2025 16:52:42,494 TRACE ro.mpp2025.CarsDBRepository 91 add - Exit
10 Mar 2025 16:52:42,494 TRACE ro.mpp2025.CarsDBRepository 112 findAll - Enter
10 Mar 2025 16:52:42,494 TRACE ro.mpp2025.JdbcUtils 48 getConnection - Enter
10 Mar 2025 16:52:42,494 TRACE ro.mpp2025.JdbcUtils 57 getConnection - Exit with(org.sqlite.jdbc4.JDBC4Connection@1df8b5b8)
10 Mar 2025 16:52:42,494 TRACE ro.mpp2025.CarsDBRepository 131 findAll - Exit with([Id=1 Dacia Sandero 2020, Id=2 Skoda Octavia 2019, Id=3 Tesla Model S 2019, Id=4 Tesla Model S 2019, Id=5 Tesla Model S 2019, Id=6 Tesla Model S 2019, Id=7 Tesla Model S 2019, Id=8 Tesla Model S 2019, Id=9 Tesla Model S 2019, Id=10 Tesla Model S 2019])
10 Mar 2025 16:52:42,494 TRACE ro.mpp2025.CarsDBRepository 26 findByManufacturer - Enter
10 Mar 2025 16:52:42,494 TRACE ro.mpp2025.JdbcUtils 48 getConnection - Enter
10 Mar 2025 16:52:42,494 TRACE ro.mpp2025.JdbcUtils 57 getConnection - Exit with(org.sqlite.jdbc4.JDBC4Connection@1df8b5b8)
10 Mar 2025 16:52:42,494 TRACE ro.mpp2025.CarsDBRepository 46 findByManufacturer - Exit with([Id=3 Tesla Model S 2019, Id=4 Tesla Model S 2019, Id=5 Tesla Model S 2019, Id=6 Tesla Model S 2019, Id=7 Tesla Model S 2019, Id=8 Tesla Model S 2019, Id=9 Tesla Model S 2019, Id=10 Tesla Model S 2019])
16 Mar 2025 12:24:07,362 INFO  ro.mpp2025.CarsDBRepository 20 <init> - Initializing CarsDBRepository with properties: {jdbc.url=jdbc:sqlite:dbs/cars.db} 
16 Mar 2025 12:24:07,392 TRACE ro.mpp2025.CarsDBRepository 79 add - Enter saving task Id=0 Tesla Model S 2019
16 Mar 2025 12:24:07,392 TRACE ro.mpp2025.JdbcUtils 48 getConnection - Enter
16 Mar 2025 12:24:07,392 TRACE ro.mpp2025.JdbcUtils 25 getNewConnection - Enter
16 Mar 2025 12:24:07,392 INFO  ro.mpp2025.JdbcUtils 30 getNewConnection - trying to connect to database ... jdbc:sqlite:dbs/cars.db
16 Mar 2025 12:24:07,393 INFO  ro.mpp2025.JdbcUtils 31 getNewConnection - user: null
16 Mar 2025 12:24:07,393 INFO  ro.mpp2025.JdbcUtils 32 getNewConnection - pass: null
16 Mar 2025 12:24:07,672 TRACE ro.mpp2025.JdbcUtils 57 getConnection - Exit with(org.sqlite.jdbc4.JDBC4Connection@1df8b5b8)
16 Mar 2025 12:24:07,679 TRACE ro.mpp2025.CarsDBRepository 86 add - Saved 1 instances
16 Mar 2025 12:24:07,679 TRACE ro.mpp2025.CarsDBRepository 91 add - Exit
16 Mar 2025 12:24:07,679 TRACE ro.mpp2025.CarsDBRepository 112 findAll - Enter
16 Mar 2025 12:24:07,680 TRACE ro.mpp2025.JdbcUtils 48 getConnection - Enter
16 Mar 2025 12:24:07,680 TRACE ro.mpp2025.JdbcUtils 57 getConnection - Exit with(org.sqlite.jdbc4.JDBC4Connection@1df8b5b8)
16 Mar 2025 12:24:07,681 TRACE ro.mpp2025.CarsDBRepository 131 findAll - Exit with([Id=1 Dacia Sandero 2020, Id=2 Skoda Octavia 2019, Id=3 Tesla Model S 2019, Id=4 Tesla Model S 2019, Id=5 Tesla Model S 2019, Id=6 Tesla Model S 2019, Id=7 Tesla Model S 2019, Id=8 Tesla Model S 2019, Id=9 Tesla Model S 2019, Id=10 Tesla Model S 2019, Id=11 Tesla Model S 2019])
16 Mar 2025 12:24:07,682 TRACE ro.mpp2025.CarsDBRepository 26 findByManufacturer - Enter
16 Mar 2025 12:24:07,682 TRACE ro.mpp2025.JdbcUtils 48 getConnection - Enter
16 Mar 2025 12:24:07,682 TRACE ro.mpp2025.JdbcUtils 57 getConnection - Exit with(org.sqlite.jdbc4.JDBC4Connection@1df8b5b8)
16 Mar 2025 12:24:07,683 TRACE ro.mpp2025.CarsDBRepository 46 findByManufacturer - Exit with([Id=3 Tesla Model S 2019, Id=4 Tesla Model S 2019, Id=5 Tesla Model S 2019, Id=6 Tesla Model S 2019, Id=7 Tesla Model S 2019, Id=8 Tesla Model S 2019, Id=9 Tesla Model S 2019, Id=10 Tesla Model S 2019, Id=11 Tesla Model S 2019])
23 Mar 2025 22:00:28,927 INFO  ro.mpp2025.CarsDBRepository 20 <init> - Initializing CarsDBRepository with properties: {jdbc.url=jdbc:sqlite:dbs/cars.db} 
23 Mar 2025 22:00:28,959 TRACE ro.mpp2025.CarsDBRepository 79 add - Enter saving task Id=0 Tesla Model S 2019
23 Mar 2025 22:00:28,959 TRACE ro.mpp2025.JdbcUtils 48 getConnection - Enter
23 Mar 2025 22:00:28,959 TRACE ro.mpp2025.JdbcUtils 25 getNewConnection - Enter
23 Mar 2025 22:00:28,959 INFO  ro.mpp2025.JdbcUtils 30 getNewConnection - trying to connect to database ... jdbc:sqlite:dbs/cars.db
23 Mar 2025 22:00:28,960 INFO  ro.mpp2025.JdbcUtils 31 getNewConnection - user: null
23 Mar 2025 22:00:28,960 INFO  ro.mpp2025.JdbcUtils 32 getNewConnection - pass: null
23 Mar 2025 22:00:29,193 TRACE ro.mpp2025.JdbcUtils 57 getConnection - Exit with(org.sqlite.jdbc4.JDBC4Connection@1df8b5b8)
23 Mar 2025 22:00:29,200 TRACE ro.mpp2025.CarsDBRepository 86 add - Saved 1 instances
23 Mar 2025 22:00:29,200 TRACE ro.mpp2025.CarsDBRepository 91 add - Exit
23 Mar 2025 22:00:29,200 TRACE ro.mpp2025.CarsDBRepository 112 findAll - Enter
23 Mar 2025 22:00:29,200 TRACE ro.mpp2025.JdbcUtils 48 getConnection - Enter
23 Mar 2025 22:00:29,200 TRACE ro.mpp2025.JdbcUtils 57 getConnection - Exit with(org.sqlite.jdbc4.JDBC4Connection@1df8b5b8)
23 Mar 2025 22:00:29,202 TRACE ro.mpp2025.CarsDBRepository 131 findAll - Exit with([Id=1 Dacia Sandero 2020, Id=2 Skoda Octavia 2019, Id=3 Tesla Model S 2019, Id=4 Tesla Model S 2019, Id=5 Tesla Model S 2019, Id=6 Tesla Model S 2019, Id=7 Tesla Model S 2019, Id=8 Tesla Model S 2019, Id=9 Tesla Model S 2019, Id=10 Tesla Model S 2019, Id=11 Tesla Model S 2019, Id=12 Tesla Model S 2019])
23 Mar 2025 22:00:29,203 TRACE ro.mpp2025.CarsDBRepository 26 findByManufacturer - Enter
23 Mar 2025 22:00:29,203 TRACE ro.mpp2025.JdbcUtils 48 getConnection - Enter
23 Mar 2025 22:00:29,203 TRACE ro.mpp2025.JdbcUtils 57 getConnection - Exit with(org.sqlite.jdbc4.JDBC4Connection@1df8b5b8)
23 Mar 2025 22:00:29,203 TRACE ro.mpp2025.CarsDBRepository 46 findByManufacturer - Exit with([Id=3 Tesla Model S 2019, Id=4 Tesla Model S 2019, Id=5 Tesla Model S 2019, Id=6 Tesla Model S 2019, Id=7 Tesla Model S 2019, Id=8 Tesla Model S 2019, Id=9 Tesla Model S 2019, Id=10 Tesla Model S 2019, Id=11 Tesla Model S 2019, Id=12 Tesla Model S 2019])
