10 Mar 2025 15:33:07,076 INFO  ro.mpp2025.CarsDBRepository 20 <init> - Initializing CarsDBRepository with properties: {} 
10 Mar 2025 15:33:07,083 TRACE ro.mpp2025.CarsDBRepository 38 add - Enter saving task Id=0 Tesla Model S 2019
10 Mar 2025 15:33:07,084 TRACE ro.mpp2025.JdbcUtils 48 getConnection - Enter
10 Mar 2025 15:33:07,084 TRACE ro.mpp2025.JdbcUtils 25 getNewConnection - Enter
10 Mar 2025 15:33:07,084 INFO  ro.mpp2025.JdbcUtils 30 getNewConnection - trying to connect to database ... null
10 Mar 2025 15:33:07,084 INFO  ro.mpp2025.JdbcUtils 31 getNewConnection - user: null
10 Mar 2025 15:33:07,084 INFO  ro.mpp2025.JdbcUtils 32 getNewConnection - pass: null
10 Mar 2025 15:33:07,085 ERROR ro.mpp2025.JdbcUtils 41 getNewConnection - java.sql.SQLException: The url cannot be null
10 Mar 2025 15:33:07,086 TRACE ro.mpp2025.JdbcUtils 57 getConnection - Exit
10 Mar 2025 15:33:47,429 INFO  ro.mpp2025.CarsDBRepository 20 <init> - Initializing CarsDBRepository with properties: {} 
10 Mar 2025 15:33:47,601 TRACE ro.mpp2025.CarsDBRepository 38 add - Enter saving task Id=0 Tesla Model S 2019
10 Mar 2025 15:33:47,602 TRACE ro.mpp2025.JdbcUtils 48 getConnection - Enter
10 Mar 2025 15:33:47,603 TRACE ro.mpp2025.JdbcUtils 25 getNewConnection - Enter
10 Mar 2025 15:33:47,603 INFO  ro.mpp2025.JdbcUtils 30 getNewConnection - trying to connect to database ... null
10 Mar 2025 15:33:47,603 INFO  ro.mpp2025.JdbcUtils 31 getNewConnection - user: null
10 Mar 2025 15:33:47,604 INFO  ro.mpp2025.JdbcUtils 32 getNewConnection - pass: null
10 Mar 2025 15:33:47,606 ERROR ro.mpp2025.JdbcUtils 41 getNewConnection - java.sql.SQLException: The url cannot be null
10 Mar 2025 15:33:47,608 TRACE ro.mpp2025.JdbcUtils 57 getConnection - Exit
10 Mar 2025 15:35:46,208 INFO  ro.mpp2025.CarsDBRepository 20 <init> - Initializing CarsDBRepository with properties: {} 
10 Mar 2025 15:35:46,218 TRACE ro.mpp2025.CarsDBRepository 38 add - Enter saving task Id=0 Tesla Model S 2019
10 Mar 2025 15:35:46,219 TRACE ro.mpp2025.JdbcUtils 48 getConnection - Enter
10 Mar 2025 15:35:46,219 TRACE ro.mpp2025.JdbcUtils 25 getNewConnection - Enter
10 Mar 2025 15:35:46,219 INFO  ro.mpp2025.JdbcUtils 30 getNewConnection - trying to connect to database ... null
10 Mar 2025 15:35:46,219 INFO  ro.mpp2025.JdbcUtils 31 getNewConnection - user: null
10 Mar 2025 15:35:46,219 INFO  ro.mpp2025.JdbcUtils 32 getNewConnection - pass: null
10 Mar 2025 15:35:46,221 ERROR ro.mpp2025.JdbcUtils 41 getNewConnection - java.sql.SQLException: The url cannot be null
10 Mar 2025 15:35:46,221 TRACE ro.mpp2025.JdbcUtils 57 getConnection - Exit
10 Mar 2025 15:37:31,726 INFO  ro.mpp2025.CarsDBRepository 20 <init> - Initializing CarsDBRepository with properties: {jdbc.url=jdbc:sqlite:/Users/vasil/cars.db} 
10 Mar 2025 15:37:31,739 TRACE ro.mpp2025.CarsDBRepository 38 add - Enter saving task Id=0 Tesla Model S 2019
10 Mar 2025 15:37:31,740 TRACE ro.mpp2025.JdbcUtils 48 getConnection - Enter
10 Mar 2025 15:37:31,740 TRACE ro.mpp2025.JdbcUtils 25 getNewConnection - Enter
10 Mar 2025 15:37:31,740 INFO  ro.mpp2025.JdbcUtils 30 getNewConnection - trying to connect to database ... jdbc:sqlite:/Users/vasil/cars.db
10 Mar 2025 15:37:31,740 INFO  ro.mpp2025.JdbcUtils 31 getNewConnection - user: null
10 Mar 2025 15:37:31,740 INFO  ro.mpp2025.JdbcUtils 32 getNewConnection - pass: null
10 Mar 2025 15:37:31,850 TRACE ro.mpp2025.JdbcUtils 57 getConnection - Exit with(org.sqlite.jdbc4.JDBC4Connection@659499f1)
10 Mar 2025 15:37:31,853 ERROR ro.mpp2025.CarsDBRepository 47 add - org.sqlite.SQLiteException: [SQLITE_ERROR] SQL error or missing database (no such table: Masini)
10 Mar 2025 15:37:31,853 TRACE ro.mpp2025.CarsDBRepository 50 add - Exit
10 Mar 2025 15:37:31,853 TRACE ro.mpp2025.CarsDBRepository 60 findAll - Enter
10 Mar 2025 15:37:31,854 TRACE ro.mpp2025.JdbcUtils 48 getConnection - Enter
10 Mar 2025 15:37:31,854 TRACE ro.mpp2025.JdbcUtils 57 getConnection - Exit with(org.sqlite.jdbc4.JDBC4Connection@659499f1)
10 Mar 2025 15:37:31,854 ERROR ro.mpp2025.CarsDBRepository 76 findAll - org.sqlite.SQLiteException: [SQLITE_ERROR] SQL error or missing database (no such table: Masini)
10 Mar 2025 15:37:31,854 TRACE ro.mpp2025.CarsDBRepository 79 findAll - Exit with([])
10 Mar 2025 15:38:22,400 INFO  ro.mpp2025.CarsDBRepository 20 <init> - Initializing CarsDBRepository with properties: {jdbc.url=jdbc:sqlite:/Users/vasil/cars.db} 
10 Mar 2025 15:38:22,412 TRACE ro.mpp2025.CarsDBRepository 38 add - Enter saving task Id=0 Tesla Model S 2019
10 Mar 2025 15:38:22,412 TRACE ro.mpp2025.JdbcUtils 48 getConnection - Enter
10 Mar 2025 15:38:22,413 TRACE ro.mpp2025.JdbcUtils 25 getNewConnection - Enter
10 Mar 2025 15:38:22,413 INFO  ro.mpp2025.JdbcUtils 30 getNewConnection - trying to connect to database ... jdbc:sqlite:/Users/vasil/cars.db
10 Mar 2025 15:38:22,413 INFO  ro.mpp2025.JdbcUtils 31 getNewConnection - user: null
10 Mar 2025 15:38:22,413 INFO  ro.mpp2025.JdbcUtils 32 getNewConnection - pass: null
10 Mar 2025 15:38:22,522 TRACE ro.mpp2025.JdbcUtils 57 getConnection - Exit with(org.sqlite.jdbc4.JDBC4Connection@659499f1)
10 Mar 2025 15:38:22,525 ERROR ro.mpp2025.CarsDBRepository 47 add - org.sqlite.SQLiteException: [SQLITE_ERROR] SQL error or missing database (no such table: Masini)
10 Mar 2025 15:38:22,526 TRACE ro.mpp2025.CarsDBRepository 50 add - Exit
10 Mar 2025 15:38:22,526 TRACE ro.mpp2025.CarsDBRepository 60 findAll - Enter
10 Mar 2025 15:38:22,526 TRACE ro.mpp2025.JdbcUtils 48 getConnection - Enter
10 Mar 2025 15:38:22,526 TRACE ro.mpp2025.JdbcUtils 57 getConnection - Exit with(org.sqlite.jdbc4.JDBC4Connection@659499f1)
10 Mar 2025 15:38:22,527 ERROR ro.mpp2025.CarsDBRepository 76 findAll - org.sqlite.SQLiteException: [SQLITE_ERROR] SQL error or missing database (no such table: Masini)
10 Mar 2025 15:38:22,527 TRACE ro.mpp2025.CarsDBRepository 79 findAll - Exit with([])
10 Mar 2025 15:42:23,630 INFO  ro.mpp2025.CarsDBRepository 20 <init> - Initializing CarsDBRepository with properties: {jdbc.url=jdbc:sqlite:/Users/vasil/cars.db} 
10 Mar 2025 15:42:23,640 TRACE ro.mpp2025.CarsDBRepository 38 add - Enter saving task Id=0 Tesla Model S 2019
10 Mar 2025 15:42:23,640 TRACE ro.mpp2025.JdbcUtils 48 getConnection - Enter
10 Mar 2025 15:42:23,640 TRACE ro.mpp2025.JdbcUtils 25 getNewConnection - Enter
10 Mar 2025 15:42:23,641 INFO  ro.mpp2025.JdbcUtils 30 getNewConnection - trying to connect to database ... jdbc:sqlite:/Users/vasil/cars.db
10 Mar 2025 15:42:23,641 INFO  ro.mpp2025.JdbcUtils 31 getNewConnection - user: null
10 Mar 2025 15:42:23,641 INFO  ro.mpp2025.JdbcUtils 32 getNewConnection - pass: null
10 Mar 2025 15:42:23,751 TRACE ro.mpp2025.JdbcUtils 57 getConnection - Exit with(org.sqlite.jdbc4.JDBC4Connection@1df8b5b8)
10 Mar 2025 15:42:23,755 ERROR ro.mpp2025.CarsDBRepository 47 add - org.sqlite.SQLiteException: [SQLITE_ERROR] SQL error or missing database (no such table: Masini)
10 Mar 2025 15:42:23,755 TRACE ro.mpp2025.CarsDBRepository 50 add - Exit
10 Mar 2025 15:42:23,755 TRACE ro.mpp2025.CarsDBRepository 60 findAll - Enter
10 Mar 2025 15:42:23,755 TRACE ro.mpp2025.JdbcUtils 48 getConnection - Enter
10 Mar 2025 15:42:23,755 TRACE ro.mpp2025.JdbcUtils 57 getConnection - Exit with(org.sqlite.jdbc4.JDBC4Connection@1df8b5b8)
10 Mar 2025 15:42:23,756 ERROR ro.mpp2025.CarsDBRepository 76 findAll - org.sqlite.SQLiteException: [SQLITE_ERROR] SQL error or missing database (no such table: Masini)
10 Mar 2025 15:42:23,756 TRACE ro.mpp2025.CarsDBRepository 79 findAll - Exit with([])
10 Mar 2025 15:43:39,983 INFO  ro.mpp2025.CarsDBRepository 20 <init> - Initializing CarsDBRepository with properties: {jdbc.url=jdbc:sqlite:/Users/vasil/cars.db} 
10 Mar 2025 15:43:39,991 TRACE ro.mpp2025.CarsDBRepository 38 add - Enter saving task Id=0 Tesla Model S 2019
10 Mar 2025 15:43:39,992 TRACE ro.mpp2025.JdbcUtils 48 getConnection - Enter
10 Mar 2025 15:43:39,992 TRACE ro.mpp2025.JdbcUtils 25 getNewConnection - Enter
10 Mar 2025 15:43:39,992 INFO  ro.mpp2025.JdbcUtils 30 getNewConnection - trying to connect to database ... jdbc:sqlite:/Users/vasil/cars.db
10 Mar 2025 15:43:39,992 INFO  ro.mpp2025.JdbcUtils 31 getNewConnection - user: null
10 Mar 2025 15:43:39,993 INFO  ro.mpp2025.JdbcUtils 32 getNewConnection - pass: null
10 Mar 2025 15:43:40,097 TRACE ro.mpp2025.JdbcUtils 57 getConnection - Exit with(org.sqlite.jdbc4.JDBC4Connection@1df8b5b8)
10 Mar 2025 15:43:40,101 ERROR ro.mpp2025.CarsDBRepository 47 add - org.sqlite.SQLiteException: [SQLITE_ERROR] SQL error or missing database (no such table: Masini)
10 Mar 2025 15:43:40,101 TRACE ro.mpp2025.CarsDBRepository 50 add - Exit
10 Mar 2025 15:43:40,101 TRACE ro.mpp2025.CarsDBRepository 60 findAll - Enter
10 Mar 2025 15:43:40,101 TRACE ro.mpp2025.JdbcUtils 48 getConnection - Enter
10 Mar 2025 15:43:40,102 TRACE ro.mpp2025.JdbcUtils 57 getConnection - Exit with(org.sqlite.jdbc4.JDBC4Connection@1df8b5b8)
10 Mar 2025 15:43:40,102 ERROR ro.mpp2025.CarsDBRepository 76 findAll - org.sqlite.SQLiteException: [SQLITE_ERROR] SQL error or missing database (no such table: Masini)
10 Mar 2025 15:43:40,102 TRACE ro.mpp2025.CarsDBRepository 79 findAll - Exit with([])
10 Mar 2025 15:44:52,354 INFO  ro.mpp2025.CarsDBRepository 20 <init> - Initializing CarsDBRepository with properties: {jdbc.url=jdbc:sqlite:/Users/vasil/cars.db} 
10 Mar 2025 15:44:52,363 TRACE ro.mpp2025.CarsDBRepository 38 add - Enter saving task Id=0 Tesla Model S 2019
10 Mar 2025 15:44:52,363 TRACE ro.mpp2025.JdbcUtils 48 getConnection - Enter
10 Mar 2025 15:44:52,363 TRACE ro.mpp2025.JdbcUtils 25 getNewConnection - Enter
10 Mar 2025 15:44:52,363 INFO  ro.mpp2025.JdbcUtils 30 getNewConnection - trying to connect to database ... jdbc:sqlite:/Users/vasil/cars.db
10 Mar 2025 15:44:52,364 INFO  ro.mpp2025.JdbcUtils 31 getNewConnection - user: null
10 Mar 2025 15:44:52,364 INFO  ro.mpp2025.JdbcUtils 32 getNewConnection - pass: null
10 Mar 2025 15:44:52,480 TRACE ro.mpp2025.JdbcUtils 57 getConnection - Exit with(org.sqlite.jdbc4.JDBC4Connection@1df8b5b8)
10 Mar 2025 15:44:52,486 TRACE ro.mpp2025.CarsDBRepository 45 add - Saved 1 instances
10 Mar 2025 15:44:52,486 TRACE ro.mpp2025.CarsDBRepository 50 add - Exit
10 Mar 2025 15:44:52,486 TRACE ro.mpp2025.CarsDBRepository 60 findAll - Enter
10 Mar 2025 15:44:52,486 TRACE ro.mpp2025.JdbcUtils 48 getConnection - Enter
10 Mar 2025 15:44:52,487 TRACE ro.mpp2025.JdbcUtils 57 getConnection - Exit with(org.sqlite.jdbc4.JDBC4Connection@1df8b5b8)
10 Mar 2025 15:44:52,488 TRACE ro.mpp2025.CarsDBRepository 79 findAll - Exit with([Id=1 Dacia Sandero 2020, Id=2 Skoda Octavia 2019, Id=3 Tesla Model S 2019])
10 Mar 2025 16:10:35,496 INFO  ro.mpp2025.CarsDBRepository 20 <init> - Initializing CarsDBRepository with properties: {jdbc.url=jdbc:sqlite:/Users/vasil/cars.db} 
10 Mar 2025 16:10:35,513 TRACE ro.mpp2025.CarsDBRepository 58 add - Enter saving task Id=0 Tesla Model S 2019
10 Mar 2025 16:10:35,513 TRACE ro.mpp2025.JdbcUtils 48 getConnection - Enter
10 Mar 2025 16:10:35,515 TRACE ro.mpp2025.JdbcUtils 25 getNewConnection - Enter
10 Mar 2025 16:10:35,515 INFO  ro.mpp2025.JdbcUtils 30 getNewConnection - trying to connect to database ... jdbc:sqlite:/Users/vasil/cars.db
10 Mar 2025 16:10:35,515 INFO  ro.mpp2025.JdbcUtils 31 getNewConnection - user: null
10 Mar 2025 16:10:35,517 INFO  ro.mpp2025.JdbcUtils 32 getNewConnection - pass: null
10 Mar 2025 16:10:35,684 TRACE ro.mpp2025.JdbcUtils 57 getConnection - Exit with(org.sqlite.jdbc4.JDBC4Connection@1df8b5b8)
10 Mar 2025 16:10:35,712 TRACE ro.mpp2025.CarsDBRepository 65 add - Saved 1 instances
10 Mar 2025 16:10:35,712 TRACE ro.mpp2025.CarsDBRepository 70 add - Exit
10 Mar 2025 16:10:35,712 TRACE ro.mpp2025.CarsDBRepository 80 findAll - Enter
10 Mar 2025 16:10:35,712 TRACE ro.mpp2025.JdbcUtils 48 getConnection - Enter
10 Mar 2025 16:10:35,712 TRACE ro.mpp2025.JdbcUtils 57 getConnection - Exit with(org.sqlite.jdbc4.JDBC4Connection@1df8b5b8)
10 Mar 2025 16:10:35,716 TRACE ro.mpp2025.CarsDBRepository 99 findAll - Exit with([Id=1 Dacia Sandero 2020, Id=2 Skoda Octavia 2019, Id=3 Tesla Model S 2019, Id=4 Tesla Model S 2019])
10 Mar 2025 16:10:35,716 TRACE ro.mpp2025.CarsDBRepository 26 findByManufacturer - Enter
10 Mar 2025 16:10:35,716 TRACE ro.mpp2025.JdbcUtils 48 getConnection - Enter
10 Mar 2025 16:10:35,716 TRACE ro.mpp2025.JdbcUtils 57 getConnection - Exit with(org.sqlite.jdbc4.JDBC4Connection@1df8b5b8)
10 Mar 2025 16:10:35,716 TRACE ro.mpp2025.CarsDBRepository 46 findByManufacturer - Exit with([Id=3 Tesla Model S 2019, Id=4 Tesla Model S 2019])
